<?xml version="1.0" encoding="UTF-8"?>
<!-- Generated by org.testng.reporters.JUnitReportReporter -->
<testsuite hostname="blr-mp9xp" failures="0" tests="1" name="com.selenium.testCases.LoginClass" time="15.938" errors="0" timestamp="2021-04-22T14:15:09 IST" skipped="0">
  <testcase classname="com.selenium.testCases.LoginClass" name="test1" time="15.938"/>
  <system-out/>
</testsuite> <!-- com.selenium.testCases.LoginClass -->
