<?xml version="1.0" encoding="UTF-8"?>
<!-- Generated by org.testng.reporters.JUnitReportReporter -->
<testsuite hostname="blr-mp9xp" failures="0" tests="1" name="tests.PostAPITest" time="1.175" errors="0" timestamp="2021-05-19T10:47:01 IST" skipped="0">
  <testcase classname="tests.PostAPITest" name="postApiTest" time="1.175"/>
  <system-out/>
</testsuite> <!-- tests.PostAPITest -->
