<?xml version="1.0" encoding="UTF-8"?>
<!-- Generated by org.testng.reporters.JUnitReportReporter -->
<testsuite hostname="blr-mp9xp" failures="0" tests="2" name="tests.GetAPITest" time="0.710" errors="0" timestamp="2021-05-17T18:53:52 IST" skipped="0">
  <testcase classname="tests.GetAPITest" name="getTestWithHeaders" time="0.576"/>
  <system-out/>
  <testcase classname="tests.GetAPITest" name="getTestWithoutHeaders" time="0.134"/>
  <system-out/>
</testsuite> <!-- tests.GetAPITest -->
